[debug] [2020-11-25T21:59:43.408Z] ----------------------------------------------------------------------
[debug] [2020-11-25T21:59:43.411Z] Command:       /usr/local/Cellar/node/15.2.1/bin/node /usr/local/bin/firebase init
[debug] [2020-11-25T21:59:43.411Z] CLI Version:   8.16.2
[debug] [2020-11-25T21:59:43.411Z] Platform:      darwin
[debug] [2020-11-25T21:59:43.411Z] Node Version:  v15.2.1
[debug] [2020-11-25T21:59:43.412Z] Time:          Wed Nov 25 2020 22:59:43 GMT+0100 (heure normale d’Europe centrale)
[debug] [2020-11-25T21:59:43.413Z] ----------------------------------------------------------------------
[debug] [2020-11-25T21:59:43.413Z] 
[debug] [2020-11-25T21:59:43.418Z] > command requires scopes: ["email","openid","https://www.googleapis.com/auth/cloudplatformprojects.readonly","https://www.googleapis.com/auth/firebase","https://www.googleapis.com/auth/cloud-platform"]
[debug] [2020-11-25T21:59:43.418Z] > authorizing via signed-in user
[info] 
     ######## #### ########  ######## ########     ###     ######  ########
     ##        ##  ##     ## ##       ##     ##  ##   ##  ##       ##
     ######    ##  ########  ######   ########  #########  ######  ######
     ##        ##  ##    ##  ##       ##     ## ##     ##       ## ##
     ##       #### ##     ## ######## ########  ##     ##  ######  ########

You're about to initialize a Firebase project in this directory:

  /Users/dev/Desktop/Amazon-full-stack/amazone-clone

Before we get started, keep in mind:

  * You are initializing in an existing Firebase project directory

